<?xml version="1.0" encoding="UTF-8"?>
<!-- Generated by org.testng.reporters.JUnitReportReporter -->
<testsuite hostname="DESKTOP-LQ6E6NI" failures="0" tests="2" name="javapackage.Testngdependsonmethods" time="0.013" errors="0" timestamp="2024-03-21T22:34:22 IST" skipped="0">
  <testcase classname="javapackage.Testngdependsonmethods" name="b" time="0.005"/>
  <system-out/>
  <testcase classname="javapackage.Testngdependsonmethods" name="a" time="0.008"/>
  <system-out/>
</testsuite> <!-- javapackage.Testngdependsonmethods -->
