<?xml version="1.0" encoding="UTF-8"?>
<!-- Generated by org.testng.reporters.JUnitReportReporter -->
<testsuite hostname="DESKTOP-LQ6E6NI" failures="0" tests="1" name="javapackage.Assertion3" time="0.016" errors="0" timestamp="2024-03-22T21:20:42 IST" skipped="0">
  <testcase classname="javapackage.Assertion3" name="testcase4" time="0.016"/>
  <system-out/>
</testsuite> <!-- javapackage.Assertion3 -->
