<?xml version="1.0" encoding="UTF-8"?>
<!-- Generated by org.testng.reporters.JUnitReportReporter -->
<testsuite hostname="DESKTOP-LQ6E6NI" failures="0" tests="2" name="javapackage.SkipTestmethod" time="0.011" errors="0" timestamp="2024-03-21T22:35:43 IST" skipped="2">
  <testcase classname="javapackage.SkipTestmethod" name="e" time="0.011">
    <skipped/>
  </testcase> <!-- e -->
  <system-out/>
  <testcase classname="javapackage.SkipTestmethod" name="b">
    <skipped/>
  </testcase> <!-- b -->
  <system-out/>
</testsuite> <!-- javapackage.SkipTestmethod -->
