<?xml version="1.0" encoding="UTF-8"?>
<!-- Generated by org.testng.reporters.JUnitReportReporter -->
<testsuite hostname="DESKTOP-LQ6E6NI" failures="0" tests="3" name="javapackage.DataProvidertestng5" time="33.016" errors="0" timestamp="2024-03-22T08:37:46 IST" skipped="0">
  <testcase classname="javapackage.DataProvidertestng5" name="enterdata" time="11.177"/>
  <system-out/>
  <testcase classname="javapackage.DataProvidertestng5" name="enterdata" time="11.036"/>
  <system-out/>
  <testcase classname="javapackage.DataProvidertestng5" name="enterdata" time="10.803"/>
  <system-out/>
</testsuite> <!-- javapackage.DataProvidertestng5 -->
