<?xml version="1.0" encoding="UTF-8"?>
<!-- Generated by org.testng.reporters.JUnitReportReporter -->
<testsuite hostname="DESKTOP-LQ6E6NI" failures="0" tests="4" name="javapackage.Testng2" time="0.018" errors="0" timestamp="2024-03-21T22:34:22 IST" skipped="0">
  <testcase classname="javapackage.Testng2" name="a" time="0.006"/>
  <system-out/>
  <testcase classname="javapackage.Testng2" name="b" time="0.004"/>
  <system-out/>
  <testcase classname="javapackage.Testng2" name="d" time="0.006"/>
  <system-out/>
  <testcase classname="javapackage.Testng2" name="e" time="0.002"/>
  <system-out/>
</testsuite> <!-- javapackage.Testng2 -->
