<?xml version="1.0" encoding="UTF-8"?>
<!-- Generated by org.testng.reporters.JUnitReportReporter -->
<testsuite hostname="DESKTOP-LQ6E6NI" failures="0" tests="1" name="javapackage.Assertion1" time="6.960" errors="0" timestamp="2024-03-22T21:01:23 IST" skipped="0">
  <testcase classname="javapackage.Assertion1" name="testcase1" time="6.960"/>
  <system-out/>
</testsuite> <!-- javapackage.Assertion1 -->
