<?xml version="1.0" encoding="UTF-8"?>
<!-- Generated by org.testng.reporters.JUnitReportReporter -->
<testsuite hostname="DESKTOP-LQ6E6NI" failures="0" tests="2" name="javapackage.Testng1" time="0.016" errors="0" timestamp="2024-03-21T22:34:22 IST" skipped="0">
  <testcase classname="javapackage.Testng1" name="a" time="0.011"/>
  <system-out/>
  <testcase classname="javapackage.Testng1" name="a1" time="0.005"/>
  <system-out/>
</testsuite> <!-- javapackage.Testng1 -->
