<?xml version="1.0" encoding="UTF-8"?>
<!-- Generated by org.testng.reporters.JUnitReportReporter -->
<testsuite hostname="DESKTOP-LQ6E6NI" failures="0" tests="4" name="javapackage.Testng4" time="0.022" errors="0" timestamp="2024-03-21T22:34:22 IST" skipped="1">
  <testcase classname="javapackage.Testng4" name="a" time="0.009"/>
  <system-out/>
  <testcase classname="javapackage.Testng4" name="b" time="0.007"/>
  <system-out/>
  <testcase classname="javapackage.Testng4" name="e" time="0.006"/>
  <system-out/>
  <testcase classname="javapackage.Testng4" name="d">
    <skipped/>
  </testcase> <!-- d -->
  <system-out/>
</testsuite> <!-- javapackage.Testng4 -->
